Keld-Control_1_S9_R1_001.fastq

[quant] fragment length distribution is truncated gaussian with mean = 200, sd = 10
[index] k-mer length: 31
[index] number of targets: 200,401
[index] number of k-mers: 126,160,363
[index] number of equivalence classes: 825,248
[quant] running in single-end mode
[quant] will process file 1: /home-1/bbrener1@jhu.edu/data/bbrener1/johnston_retina/weri_raw/Keld-Control_1_S9_R1_001.fastq
[quant] finding pseudoalignments for the reads ... done
[quant] processed 36,140,689 reads, 30,958,618 reads pseudoaligned

Keld-Control_2_S10_R1_001.fastq

[quant] fragment length distribution is truncated gaussian with mean = 200, sd = 10
[index] k-mer length: 31
[index] number of targets: 200,401
[index] number of k-mers: 126,160,363
[index] number of equivalence classes: 825,248
[quant] running in single-end mode
[quant] will process file 1: /home-1/bbrener1@jhu.edu/data/bbrener1/johnston_retina/weri_raw/Keld-Control_2_S10_R1_001.fastq
[quant] finding pseudoalignments for the reads ... done
[quant] processed 32,912,758 reads, 28,168,842 reads pseudoaligned

Keld-T3-Treated_1_S11_R1_001.fastq

[quant] fragment length distribution is truncated gaussian with mean = 200, sd = 10
[index] k-mer length: 31
[index] number of targets: 200,401
[index] number of k-mers: 126,160,363
[index] number of equivalence classes: 825,248
[quant] running in single-end mode
[quant] will process file 1: /home-1/bbrener1@jhu.edu/data/bbrener1/johnston_retina/weri_raw/Keld-T3-Treated_1_S11_R1_001.fastq
[quant] finding pseudoalignments for the reads ... done
[quant] processed 33,034,342 reads, 29,030,002 reads pseudoaligned

Keld-T3-Treated_2_S12_R1_001.fastq

[quant] fragment length distribution is truncated gaussian with mean = 200, sd = 10
[index] k-mer length: 31
[index] number of targets: 200,401
[index] number of k-mers: 126,160,363
[index] number of equivalence classes: 825,248
[quant] running in single-end mode
[quant] will process file 1: /home-1/bbrener1@jhu.edu/data/bbrener1/johnston_retina/weri_raw/Keld-T3-Treated_2_S12_R1_001.fastq
[quant] finding pseudoalignments for the reads ... done
[quant] processed 33,967,115 reads, 29,315,101 reads pseudoaligned

KEld-Weri_T3_S8_R1_001.fastq

[quant] fragment length distribution is truncated gaussian with mean = 200, sd = 10
[index] k-mer length: 31
[index] number of targets: 200,401
[index] number of k-mers: 126,160,363
[index] number of equivalence classes: 825,248
[quant] running in single-end mode
[quant] will process file 1: /home-1/bbrener1@jhu.edu/data/bbrener1/johnston_retina/weri_raw/KEld-Weri_T3_S8_R1_001.fastq
[quant] finding pseudoalignments for the reads ... done
[quant] processed 64,569,068 reads, 54,769,777 reads pseudoaligned

KEld-Weri_Untreated_S7_R1_001.fastq

[quant] fragment length distribution is truncated gaussian with mean = 200, sd = 10
[index] k-mer length: 31
[index] number of targets: 200,401
[index] number of k-mers: 126,160,363
[index] number of equivalence classes: 825,248
[quant] running in single-end mode
[quant] will process file 1: /home-1/bbrener1@jhu.edu/data/bbrener1/johnston_retina/weri_raw/KEld-Weri_Untreated_S7_R1_001.fastq
[quant] finding pseudoalignments for the reads ... done
[quant] processed 50,582,852 reads, 43,710,948 reads pseudoaligned

